<!DOCTYPE suite SYSTEM "https://testng.org/testng-1.0.dtd" >

<suite name="SuiteName01" verbose="1" >
    <test name="Global Test" >
        <classes>
            <class name="lesson21Practice.tests.global.HomepageTest" />
            <class name="lesson21Practice.tests.global.HomepageTest02" />

        </classes>
    </test>

    <test name="Test Item Details">
        <classes>
            <class name="lesson21Practice.tests.testItem.ApparelAndShoesTest"/>
            <class name="lesson21Practice.tests.testItem.ComputerTest"/>
        </classes>
    </test>
</suite>

