<!DOCTYPE suite SYSTEM "https://testng.org/testng-1.0.dtd" >

<suite name="Suite1" verbose="1" >
    <test name="test-suite01" >
        <classes>
            <class name="lesson21.tests.global.HomepageTest" />
            <class name="lesson21.tests.global.HomepageTestCopy" />
        </classes>
    </test>
</suite>
