<?xml version="1.0" encoding="UTF-8"?>
<!-- Generated by org.testng.reporters.JUnitReportReporter -->
<testsuite hostname="LAPTOP-TUANAN" failures="0" tests="1" name="lesson21Practice.tests.testItem.ComputerTest" time="3.938" errors="0" timestamp="2022-01-21T23:08:00 ICT" skipped="0">
  <testcase classname="lesson21Practice.tests.testItem.ComputerTest" name="testComputerDetailsPage" time="3.938"/>
  <system-out/>
</testsuite> <!-- lesson21Practice.tests.testItem.ComputerTest -->
