<?xml version="1.0" encoding="UTF-8"?>
<!-- Generated by org.testng.reporters.JUnitReportReporter -->
<testsuite hostname="LAPTOP-TUANAN" failures="0" tests="1" name="lesson21Practice.tests.global.HomepageTest02" time="5.565" errors="0" timestamp="2022-01-21T23:08:00 ICT" skipped="0">
  <testcase classname="lesson21Practice.tests.global.HomepageTest02" name="testHomePageSideBlock" time="5.565"/>
  <system-out/>
</testsuite> <!-- lesson21Practice.tests.global.HomepageTest02 -->
